<?xml version="1.0" encoding="UTF-8"?>
<testng-results ignored="0" total="1" passed="1" failed="0" skipped="0">
  <reporter-output>
  </reporter-output>
  <suite started-at="2024-05-19T16:39:06 IST" name="Default suite" finished-at="2024-05-19T16:39:25 IST" duration-ms="19216">
    <groups>
    </groups>
    <test started-at="2024-05-19T16:39:06 IST" name="Default test" finished-at="2024-05-19T16:39:25 IST" duration-ms="19216">
      <class name="execution.logintotheApp">
        <test-method is-config="true" signature="openURL()[pri:0, instance:execution.logintotheApp@5a772895]" started-at="2024-05-19T16:39:06 IST" name="openURL" finished-at="2024-05-19T16:39:10 IST" duration-ms="4571" status="PASS">
          <reporter-output>
          </reporter-output>
        </test-method> <!-- openURL -->
        <test-method signature="execute()[pri:0, instance:execution.logintotheApp@5a772895]" started-at="2024-05-19T16:39:10 IST" name="execute" finished-at="2024-05-19T16:39:24 IST" duration-ms="13367" status="PASS">
          <reporter-output>
          </reporter-output>
        </test-method> <!-- execute -->
        <test-method is-config="true" signature="teardown()[pri:0, instance:execution.logintotheApp@5a772895]" started-at="2024-05-19T16:39:24 IST" name="teardown" finished-at="2024-05-19T16:39:25 IST" duration-ms="1220" status="PASS">
          <reporter-output>
          </reporter-output>
        </test-method> <!-- teardown -->
      </class> <!-- execution.logintotheApp -->
    </test> <!-- Default test -->
  </suite> <!-- Default suite -->
</testng-results>
